# JRE version: OpenJDK Runtime Environment (7.0_65-b32) (build 1.7.0_65-b32)
# Java VM: OpenJDK Server VM (24.65-b04 mixed mode linux-x86 )
Heap
 PSYoungGen      total 279808K, used 83443K [0x9dd40000, 0xb32c0000, 0xb32c0000)
  eden space 229376K, 14% used [0x9dd40000,0x9fd808d8,0xabd40000)
  from space 50432K, 99% used [0xb0180000,0xb32bc660,0xb32c0000)
  to   space 60160K, 0% used [0xabd40000,0xabd40000,0xaf800000)
 ParOldGen       total 140288K, used 82840K [0x732c0000, 0x7bbc0000, 0x9dd40000)
  object space 140288K, 59% used [0x732c0000,0x783a6108,0x7bbc0000)
 PSPermGen       total 59136K, used 59135K [0x632c0000, 0x66c80000, 0x732c0000)
  object space 59136K, 99% used [0x632c0000,0x66c7ffd8,0x66c80000)
GC Heap History (10 events):
Event: 2377,299 GC heap before
{Heap before GC invocations=31 (full 10):
 PSYoungGen      total 264960K, used 216832K [0x9dd40000, 0xb0cc0000, 0xb32c0000)
  eden space 216832K, 100% used [0x9dd40000,0xab100000,0xab100000)
  from space 48128K, 0% used [0xadd80000,0xadd80000,0xb0c80000)
  to   space 45568K, 0% used [0xab100000,0xab100000,0xadd80000)
 ParOldGen       total 140288K, used 64478K [0x732c0000, 0x7bbc0000, 0x9dd40000)
  object space 140288K, 45% used [0x732c0000,0x771b7ab8,0x7bbc0000)
 PSPermGen       total 50688K, used 41305K [0x632c0000, 0x66440000, 0x732c0000)
  object space 50688K, 81% used [0x632c0000,0x65b16498,0x66440000)
Event: 2377,591 GC heap after
Heap after GC invocations=31 (full 10):
 PSYoungGen      total 262400K, used 27478K [0x9dd40000, 0xb3140000, 0xb32c0000)
  eden space 216832K, 0% used [0x9dd40000,0x9dd40000,0xab100000)
  from space 45568K, 60% used [0xab100000,0xacbd59d0,0xadd80000)
  to   space 46080K, 0% used [0xb0440000,0xb0440000,0xb3140000)
 ParOldGen       total 140288K, used 64478K [0x732c0000, 0x7bbc0000, 0x9dd40000)
  object space 140288K, 45% used [0x732c0000,0x771b7ab8,0x7bbc0000)
 PSPermGen       total 50688K, used 41305K [0x632c0000, 0x66440000, 0x732c0000)
  object space 50688K, 81% used [0x632c0000,0x65b16498,0x66440000)
}
Event: 2382,177 GC heap before
{Heap before GC invocations=32 (full 10):
 PSYoungGen      total 262400K, used 121300K [0x9dd40000, 0xb3140000, 0xb32c0000)
  eden space 216832K, 43% used [0x9dd40000,0xa38df750,0xab100000)
  from space 45568K, 60% used [0xab100000,0xacbd59d0,0xadd80000)
  to   space 46080K, 0% used [0xb0440000,0xb0440000,0xb3140000)
 ParOldGen       total 140288K, used 64478K [0x732c0000, 0x7bbc0000, 0x9dd40000)
  object space 140288K, 45% used [0x732c0000,0x771b7ab8,0x7bbc0000)
 PSPermGen       total 50688K, used 43902K [0x632c0000, 0x66440000, 0x732c0000)
  object space 50688K, 86% used [0x632c0000,0x65d9f970,0x66440000)
Event: 2382,636 GC heap after
Heap after GC invocations=32 (full 10):
 PSYoungGen      total 300544K, used 31138K [0x9dd40000, 0xb32c0000, 0xb32c0000)
  eden space 254464K, 0% used [0x9dd40000,0x9dd40000,0xad5c0000)
  from space 46080K, 67% used [0xb0440000,0xb22a8a30,0xb3140000)
  to   space 47616K, 0% used [0xad5c0000,0xad5c0000,0xb0440000)
 ParOldGen       total 140288K, used 64478K [0x732c0000, 0x7bbc0000, 0x9dd40000)
  object space 140288K, 45% used [0x732c0000,0x771b7ab8,0x7bbc0000)
 PSPermGen       total 50688K, used 43902K [0x632c0000, 0x66440000, 0x732c0000)
  object space 50688K, 86% used [0x632c0000,0x65d9f970,0x66440000)
}
Event: 2382,807 GC heap before
{Heap before GC invocations=33 (full 11):
 PSYoungGen      total 300544K, used 31138K [0x9dd40000, 0xb32c0000, 0xb32c0000)
  eden space 254464K, 0% used [0x9dd40000,0x9dd40000,0xad5c0000)
  from space 46080K, 67% used [0xb0440000,0xb22a8a30,0xb3140000)
  to   space 47616K, 0% used [0xad5c0000,0xad5c0000,0xb0440000)
 ParOldGen       total 140288K, used 64478K [0x732c0000, 0x7bbc0000, 0x9dd40000)
  object space 140288K, 45% used [0x732c0000,0x771b7ab8,0x7bbc0000)
 PSPermGen       total 50688K, used 43902K [0x632c0000, 0x66440000, 0x732c0000)
  object space 50688K, 86% used [0x632c0000,0x65d9f970,0x66440000)
Event: 2385,650 GC heap after
Heap after GC invocations=33 (full 11):
 PSYoungGen      total 300544K, used 0K [0x9dd40000, 0xb32c0000, 0xb32c0000)
  eden space 254464K, 0% used [0x9dd40000,0x9dd40000,0xad5c0000)
  from space 46080K, 0% used [0xb0440000,0xb0440000,0xb3140000)
  to   space 47616K, 0% used [0xad5c0000,0xad5c0000,0xb0440000)
 ParOldGen       total 140288K, used 77247K [0x732c0000, 0x7bbc0000, 0x9dd40000)
  object space 140288K, 55% used [0x732c0000,0x77e2fc80,0x7bbc0000)
 PSPermGen       total 59136K, used 43895K [0x632c0000, 0x66c80000, 0x732c0000)
  object space 59136K, 74% used [0x632c0000,0x65d9dfd0,0x66c80000)
}
Event: 2446,640 GC heap before
{Heap before GC invocations=34 (full 11):
 PSYoungGen      total 300544K, used 254464K [0x9dd40000, 0xb32c0000, 0xb32c0000)
  eden space 254464K, 100% used [0x9dd40000,0xad5c0000,0xad5c0000)
  from space 46080K, 0% used [0xb0440000,0xb0440000,0xb3140000)
  to   space 47616K, 0% used [0xad5c0000,0xad5c0000,0xb0440000)
 ParOldGen       total 140288K, used 77247K [0x732c0000, 0x7bbc0000, 0x9dd40000)
  object space 140288K, 55% used [0x732c0000,0x77e2fc80,0x7bbc0000)
 PSPermGen       total 59136K, used 51025K [0x632c0000, 0x66c80000, 0x732c0000)
  object space 59136K, 86% used [0x632c0000,0x664945b8,0x66c80000)
Event: 2446,873 GC heap after
Heap after GC invocations=34 (full 11):
 PSYoungGen      total 289792K, used 35308K [0x9dd40000, 0xb32c0000, 0xb32c0000)
  eden space 254464K, 0% used [0x9dd40000,0x9dd40000,0xad5c0000)
  from space 35328K, 99% used [0xad5c0000,0xaf83b2f0,0xaf840000)
  to   space 50432K, 0% used [0xb0180000,0xb0180000,0xb32c0000)
 ParOldGen       total 140288K, used 77247K [0x732c0000, 0x7bbc0000, 0x9dd40000)
  object space 140288K, 55% used [0x732c0000,0x77e2fc80,0x7bbc0000)
 PSPermGen       total 59136K, used 51025K [0x632c0000, 0x66c80000, 0x732c0000)
  object space 59136K, 86% used [0x632c0000,0x664945b8,0x66c80000)
}
Event: 2493,547 GC heap before
{Heap before GC invocations=35 (full 11):
 PSYoungGen      total 289792K, used 289772K [0x9dd40000, 0xb32c0000, 0xb32c0000)
  eden space 254464K, 100% used [0x9dd40000,0xad5c0000,0xad5c0000)
  from space 35328K, 99% used [0xad5c0000,0xaf83b2f0,0xaf840000)
  to   space 50432K, 0% used [0xb0180000,0xb0180000,0xb32c0000)
 ParOldGen       total 140288K, used 77247K [0x732c0000, 0x7bbc0000, 0x9dd40000)
  object space 140288K, 55% used [0x732c0000,0x77e2fc80,0x7bbc0000)
 PSPermGen       total 59136K, used 58442K [0x632c0000, 0x66c80000, 0x732c0000)
  object space 59136K, 98% used [0x632c0000,0x66bd28c0,0x66c80000)
Event: 2494,406 GC heap after
Heap after GC invocations=35 (full 11):
 PSYoungGen      total 279808K, used 50417K [0x9dd40000, 0xb32c0000, 0xb32c0000)
  eden space 229376K, 0% used [0x9dd40000,0x9dd40000,0xabd40000)
  from space 50432K, 99% used [0xb0180000,0xb32bc660,0xb32c0000)
  to   space 60160K, 0% used [0xabd40000,0xabd40000,0xaf800000)
 ParOldGen       total 140288K, used 82840K [0x732c0000, 0x7bbc0000, 0x9dd40000)
  object space 140288K, 59% used [0x732c0000,0x783a6108,0x7bbc0000)
 PSPermGen       total 59136K, used 58442K [0x632c0000, 0x66c80000, 0x732c0000)
  object space 59136K, 98% used [0x632c0000,0x66bd28c0,0x66c80000)
}

